2023-03-05 15:03:00,851 [Worker-5: Loading available Gradle versions] INFO  o.e.b.c.i.u.g.PublishedGradleVersions - Gradle version information cache is up-to-date. Trying to read.
2023-03-05 15:09:46,716 [Worker-42: Launching mavenrun-55bc8e23-23c0-483b-9556-ff01557a7a23] INFO  o.eclipse.m2e.core.internal.Bundles - getClasspathEntries(Bundle=org.eclipse.m2e.maven.runtime_3.8.604.20221130-2149 [603])
2023-03-05 15:09:46,744 [Worker-42: Launching mavenrun-55bc8e23-23c0-483b-9556-ff01557a7a23] INFO  o.eclipse.m2e.core.internal.Bundles - 	Entry: C:\Users\mahab\.p2\pool\plugins\org.eclipse.m2e.maven.runtime_3.8.604.20221130-2149
2023-03-05 15:09:46,745 [Worker-42: Launching mavenrun-55bc8e23-23c0-483b-9556-ff01557a7a23] INFO  o.eclipse.m2e.core.internal.Bundles - 	Entry: C:\Users\mahab\.p2\pool\plugins\org.eclipse.m2e.maven.runtime_3.8.604.20221130-2149\jars\aether-connector-okhttp-0.17.8.jar
2023-03-05 15:09:46,745 [Worker-42: Launching mavenrun-55bc8e23-23c0-483b-9556-ff01557a7a23] INFO  o.eclipse.m2e.core.internal.Bundles - 	Entry: C:\Users\mahab\.p2\pool\plugins\org.eclipse.m2e.maven.runtime_3.8.604.20221130-2149\jars\commons-cli-1.4.jar
2023-03-05 15:09:46,746 [Worker-42: Launching mavenrun-55bc8e23-23c0-483b-9556-ff01557a7a23] INFO  o.eclipse.m2e.core.internal.Bundles - 	Entry: C:\Users\mahab\.p2\pool\plugins\org.eclipse.m2e.maven.runtime_3.8.604.20221130-2149\jars\commons-io-2.6.jar
2023-03-05 15:09:46,746 [Worker-42: Launching mavenrun-55bc8e23-23c0-483b-9556-ff01557a7a23] INFO  o.eclipse.m2e.core.internal.Bundles - 	Entry: C:\Users\mahab\.p2\pool\plugins\org.eclipse.m2e.maven.runtime_3.8.604.20221130-2149\jars\commons-lang3-3.8.1.jar
2023-03-05 15:09:46,746 [Worker-42: Launching mavenrun-55bc8e23-23c0-483b-9556-ff01557a7a23] INFO  o.eclipse.m2e.core.internal.Bundles - 	Entry: C:\Users\mahab\.p2\pool\plugins\org.eclipse.m2e.maven.runtime_3.8.604.20221130-2149\jars\guice-4.2.2-no_aop.jar
2023-03-05 15:09:46,747 [Worker-42: Launching mavenrun-55bc8e23-23c0-483b-9556-ff01557a7a23] INFO  o.eclipse.m2e.core.internal.Bundles - 	Entry: C:\Users\mahab\.p2\pool\plugins\org.eclipse.m2e.maven.runtime_3.8.604.20221130-2149\jars\jansi-2.4.0.jar
2023-03-05 15:09:46,747 [Worker-42: Launching mavenrun-55bc8e23-23c0-483b-9556-ff01557a7a23] INFO  o.eclipse.m2e.core.internal.Bundles - 	Entry: C:\Users\mahab\.p2\pool\plugins\org.eclipse.m2e.maven.runtime_3.8.604.20221130-2149\jars\maven-artifact-3.8.6.jar
2023-03-05 15:09:46,747 [Worker-42: Launching mavenrun-55bc8e23-23c0-483b-9556-ff01557a7a23] INFO  o.eclipse.m2e.core.internal.Bundles - 	Entry: C:\Users\mahab\.p2\pool\plugins\org.eclipse.m2e.maven.runtime_3.8.604.20221130-2149\jars\maven-builder-support-3.8.6.jar
2023-03-05 15:09:46,748 [Worker-42: Launching mavenrun-55bc8e23-23c0-483b-9556-ff01557a7a23] INFO  o.eclipse.m2e.core.internal.Bundles - 	Entry: C:\Users\mahab\.p2\pool\plugins\org.eclipse.m2e.maven.runtime_3.8.604.20221130-2149\jars\maven-compat-3.8.6.jar
2023-03-05 15:09:46,748 [Worker-42: Launching mavenrun-55bc8e23-23c0-483b-9556-ff01557a7a23] INFO  o.eclipse.m2e.core.internal.Bundles - 	Entry: C:\Users\mahab\.p2\pool\plugins\org.eclipse.m2e.maven.runtime_3.8.604.20221130-2149\jars\maven-core-3.8.6.jar
2023-03-05 15:09:46,748 [Worker-42: Launching mavenrun-55bc8e23-23c0-483b-9556-ff01557a7a23] INFO  o.eclipse.m2e.core.internal.Bundles - 	Entry: C:\Users\mahab\.p2\pool\plugins\org.eclipse.m2e.maven.runtime_3.8.604.20221130-2149\jars\maven-embedder-3.8.6.jar
2023-03-05 15:09:46,748 [Worker-42: Launching mavenrun-55bc8e23-23c0-483b-9556-ff01557a7a23] INFO  o.eclipse.m2e.core.internal.Bundles - 	Entry: C:\Users\mahab\.p2\pool\plugins\org.eclipse.m2e.maven.runtime_3.8.604.20221130-2149\jars\maven-model-3.8.6.jar
2023-03-05 15:09:46,748 [Worker-42: Launching mavenrun-55bc8e23-23c0-483b-9556-ff01557a7a23] INFO  o.eclipse.m2e.core.internal.Bundles - 	Entry: C:\Users\mahab\.p2\pool\plugins\org.eclipse.m2e.maven.runtime_3.8.604.20221130-2149\jars\maven-model-builder-3.8.6.jar
2023-03-05 15:09:46,749 [Worker-42: Launching mavenrun-55bc8e23-23c0-483b-9556-ff01557a7a23] INFO  o.eclipse.m2e.core.internal.Bundles - 	Entry: C:\Users\mahab\.p2\pool\plugins\org.eclipse.m2e.maven.runtime_3.8.604.20221130-2149\jars\maven-plugin-api-3.8.6.jar
2023-03-05 15:09:46,749 [Worker-42: Launching mavenrun-55bc8e23-23c0-483b-9556-ff01557a7a23] INFO  o.eclipse.m2e.core.internal.Bundles - 	Entry: C:\Users\mahab\.p2\pool\plugins\org.eclipse.m2e.maven.runtime_3.8.604.20221130-2149\jars\maven-repository-metadata-3.8.6.jar
2023-03-05 15:09:46,749 [Worker-42: Launching mavenrun-55bc8e23-23c0-483b-9556-ff01557a7a23] INFO  o.eclipse.m2e.core.internal.Bundles - 	Entry: C:\Users\mahab\.p2\pool\plugins\org.eclipse.m2e.maven.runtime_3.8.604.20221130-2149\jars\maven-resolver-api-1.6.3.jar
2023-03-05 15:09:46,749 [Worker-42: Launching mavenrun-55bc8e23-23c0-483b-9556-ff01557a7a23] INFO  o.eclipse.m2e.core.internal.Bundles - 	Entry: C:\Users\mahab\.p2\pool\plugins\org.eclipse.m2e.maven.runtime_3.8.604.20221130-2149\jars\maven-resolver-connector-basic-1.6.3.jar
2023-03-05 15:09:46,751 [Worker-42: Launching mavenrun-55bc8e23-23c0-483b-9556-ff01557a7a23] INFO  o.eclipse.m2e.core.internal.Bundles - 	Entry: C:\Users\mahab\.p2\pool\plugins\org.eclipse.m2e.maven.runtime_3.8.604.20221130-2149\jars\maven-resolver-impl-1.6.3.jar
2023-03-05 15:09:46,751 [Worker-42: Launching mavenrun-55bc8e23-23c0-483b-9556-ff01557a7a23] INFO  o.eclipse.m2e.core.internal.Bundles - 	Entry: C:\Users\mahab\.p2\pool\plugins\org.eclipse.m2e.maven.runtime_3.8.604.20221130-2149\jars\maven-resolver-provider-3.8.6.jar
2023-03-05 15:09:46,751 [Worker-42: Launching mavenrun-55bc8e23-23c0-483b-9556-ff01557a7a23] INFO  o.eclipse.m2e.core.internal.Bundles - 	Entry: C:\Users\mahab\.p2\pool\plugins\org.eclipse.m2e.maven.runtime_3.8.604.20221130-2149\jars\maven-resolver-spi-1.6.3.jar
2023-03-05 15:09:46,751 [Worker-42: Launching mavenrun-55bc8e23-23c0-483b-9556-ff01557a7a23] INFO  o.eclipse.m2e.core.internal.Bundles - 	Entry: C:\Users\mahab\.p2\pool\plugins\org.eclipse.m2e.maven.runtime_3.8.604.20221130-2149\jars\maven-resolver-transport-wagon-1.6.3.jar
2023-03-05 15:09:46,752 [Worker-42: Launching mavenrun-55bc8e23-23c0-483b-9556-ff01557a7a23] INFO  o.eclipse.m2e.core.internal.Bundles - 	Entry: C:\Users\mahab\.p2\pool\plugins\org.eclipse.m2e.maven.runtime_3.8.604.20221130-2149\jars\maven-resolver-util-1.6.3.jar
2023-03-05 15:09:46,752 [Worker-42: Launching mavenrun-55bc8e23-23c0-483b-9556-ff01557a7a23] INFO  o.eclipse.m2e.core.internal.Bundles - 	Entry: C:\Users\mahab\.p2\pool\plugins\org.eclipse.m2e.maven.runtime_3.8.604.20221130-2149\jars\maven-settings-3.8.6.jar
2023-03-05 15:09:46,752 [Worker-42: Launching mavenrun-55bc8e23-23c0-483b-9556-ff01557a7a23] INFO  o.eclipse.m2e.core.internal.Bundles - 	Entry: C:\Users\mahab\.p2\pool\plugins\org.eclipse.m2e.maven.runtime_3.8.604.20221130-2149\jars\maven-settings-builder-3.8.6.jar
2023-03-05 15:09:46,752 [Worker-42: Launching mavenrun-55bc8e23-23c0-483b-9556-ff01557a7a23] INFO  o.eclipse.m2e.core.internal.Bundles - 	Entry: C:\Users\mahab\.p2\pool\plugins\org.eclipse.m2e.maven.runtime_3.8.604.20221130-2149\jars\maven-shared-utils-3.3.4.jar
2023-03-05 15:09:46,753 [Worker-42: Launching mavenrun-55bc8e23-23c0-483b-9556-ff01557a7a23] INFO  o.eclipse.m2e.core.internal.Bundles - 	Entry: C:\Users\mahab\.p2\pool\plugins\org.eclipse.m2e.maven.runtime_3.8.604.20221130-2149\jars\okhttp-3.14.1.jar
2023-03-05 15:09:46,753 [Worker-42: Launching mavenrun-55bc8e23-23c0-483b-9556-ff01557a7a23] INFO  o.eclipse.m2e.core.internal.Bundles - 	Entry: C:\Users\mahab\.p2\pool\plugins\org.eclipse.m2e.maven.runtime_3.8.604.20221130-2149\jars\okio-1.17.3.jar
2023-03-05 15:09:46,754 [Worker-42: Launching mavenrun-55bc8e23-23c0-483b-9556-ff01557a7a23] INFO  o.eclipse.m2e.core.internal.Bundles - 	Entry: C:\Users\mahab\.p2\pool\plugins\org.eclipse.m2e.maven.runtime_3.8.604.20221130-2149\jars\org.eclipse.sisu.inject-0.3.5.jar
2023-03-05 15:09:46,754 [Worker-42: Launching mavenrun-55bc8e23-23c0-483b-9556-ff01557a7a23] INFO  o.eclipse.m2e.core.internal.Bundles - 	Entry: C:\Users\mahab\.p2\pool\plugins\org.eclipse.m2e.maven.runtime_3.8.604.20221130-2149\jars\org.eclipse.sisu.plexus-0.3.5.jar
2023-03-05 15:09:46,755 [Worker-42: Launching mavenrun-55bc8e23-23c0-483b-9556-ff01557a7a23] INFO  o.eclipse.m2e.core.internal.Bundles - 	Entry: C:\Users\mahab\.p2\pool\plugins\org.eclipse.m2e.maven.runtime_3.8.604.20221130-2149\jars\plexus-build-api-0.0.7.jar
2023-03-05 15:09:46,755 [Worker-42: Launching mavenrun-55bc8e23-23c0-483b-9556-ff01557a7a23] INFO  o.eclipse.m2e.core.internal.Bundles - 	Entry: C:\Users\mahab\.p2\pool\plugins\org.eclipse.m2e.maven.runtime_3.8.604.20221130-2149\jars\plexus-cipher-2.0.jar
2023-03-05 15:09:46,756 [Worker-42: Launching mavenrun-55bc8e23-23c0-483b-9556-ff01557a7a23] INFO  o.eclipse.m2e.core.internal.Bundles - 	Entry: C:\Users\mahab\.p2\pool\plugins\org.eclipse.m2e.maven.runtime_3.8.604.20221130-2149\jars\plexus-classworlds-2.6.0.jar
2023-03-05 15:09:46,756 [Worker-42: Launching mavenrun-55bc8e23-23c0-483b-9556-ff01557a7a23] INFO  o.eclipse.m2e.core.internal.Bundles - 	Entry: C:\Users\mahab\.p2\pool\plugins\org.eclipse.m2e.maven.runtime_3.8.604.20221130-2149\jars\plexus-component-annotations-2.1.0.jar
2023-03-05 15:09:46,756 [Worker-42: Launching mavenrun-55bc8e23-23c0-483b-9556-ff01557a7a23] INFO  o.eclipse.m2e.core.internal.Bundles - 	Entry: C:\Users\mahab\.p2\pool\plugins\org.eclipse.m2e.maven.runtime_3.8.604.20221130-2149\jars\plexus-interpolation-1.26.jar
2023-03-05 15:09:46,757 [Worker-42: Launching mavenrun-55bc8e23-23c0-483b-9556-ff01557a7a23] INFO  o.eclipse.m2e.core.internal.Bundles - 	Entry: C:\Users\mahab\.p2\pool\plugins\org.eclipse.m2e.maven.runtime_3.8.604.20221130-2149\jars\plexus-sec-dispatcher-2.0.jar
2023-03-05 15:09:46,757 [Worker-42: Launching mavenrun-55bc8e23-23c0-483b-9556-ff01557a7a23] INFO  o.eclipse.m2e.core.internal.Bundles - 	Entry: C:\Users\mahab\.p2\pool\plugins\org.eclipse.m2e.maven.runtime_3.8.604.20221130-2149\jars\plexus-utils-3.3.1.jar
2023-03-05 15:09:46,757 [Worker-42: Launching mavenrun-55bc8e23-23c0-483b-9556-ff01557a7a23] INFO  o.eclipse.m2e.core.internal.Bundles - 	Entry: C:\Users\mahab\.p2\pool\plugins\org.eclipse.m2e.maven.runtime_3.8.604.20221130-2149\jars\wagon-file-3.5.1.jar
2023-03-05 15:09:46,757 [Worker-42: Launching mavenrun-55bc8e23-23c0-483b-9556-ff01557a7a23] INFO  o.eclipse.m2e.core.internal.Bundles - 	Entry: C:\Users\mahab\.p2\pool\plugins\org.eclipse.m2e.maven.runtime_3.8.604.20221130-2149\jars\wagon-provider-api-3.5.1.jar
2023-03-05 15:09:46,759 [Worker-42: Launching mavenrun-55bc8e23-23c0-483b-9556-ff01557a7a23] INFO  o.eclipse.m2e.core.internal.Bundles - getClasspathEntries(Bundle=com.google.guava_30.1.0.v20221112-0806 [10])
2023-03-05 15:09:46,764 [Worker-42: Launching mavenrun-55bc8e23-23c0-483b-9556-ff01557a7a23] INFO  o.eclipse.m2e.core.internal.Bundles - 	Entry: C:\Users\mahab\.p2\pool\plugins\com.google.guava_30.1.0.v20221112-0806.jar
2023-03-05 15:09:46,764 [Worker-42: Launching mavenrun-55bc8e23-23c0-483b-9556-ff01557a7a23] INFO  o.eclipse.m2e.core.internal.Bundles - getClasspathEntries(Bundle=slf4j.api_1.7.36 [915])
2023-03-05 15:09:46,767 [Worker-42: Launching mavenrun-55bc8e23-23c0-483b-9556-ff01557a7a23] INFO  o.eclipse.m2e.core.internal.Bundles - 	Entry: C:\Users\mahab\.p2\pool\plugins\slf4j.api_1.7.36.jar
2023-03-05 15:09:46,767 [Worker-42: Launching mavenrun-55bc8e23-23c0-483b-9556-ff01557a7a23] INFO  o.eclipse.m2e.core.internal.Bundles - getClasspathEntries(Bundle=javax.inject_1.0.0.v20220405-0441 [32])
2023-03-05 15:09:46,770 [Worker-42: Launching mavenrun-55bc8e23-23c0-483b-9556-ff01557a7a23] INFO  o.eclipse.m2e.core.internal.Bundles - 	Entry: C:\Users\mahab\.p2\pool\plugins\javax.inject_1.0.0.v20220405-0441.jar
2023-03-05 15:09:46,770 [Worker-42: Launching mavenrun-55bc8e23-23c0-483b-9556-ff01557a7a23] INFO  o.eclipse.m2e.core.internal.Bundles - getClasspathEntries(Bundle=javax.annotation_1.3.5.v20221112-0806 [30])
2023-03-05 15:09:46,772 [Worker-42: Launching mavenrun-55bc8e23-23c0-483b-9556-ff01557a7a23] INFO  o.eclipse.m2e.core.internal.Bundles - 	Entry: C:\Users\mahab\.p2\pool\plugins\javax.annotation_1.3.5.v20221112-0806.jar
2023-03-05 15:09:46,783 [Worker-42: Launching mavenrun-55bc8e23-23c0-483b-9556-ff01557a7a23] INFO  o.e.m.i.launch.MavenLaunchDelegate - Run build in "C:\Users\mahab\AppData\Local\Temp\m2e-archetypeGenerator8494382031940760402":
2023-03-05 15:09:46,793 [Worker-42: Launching mavenrun-55bc8e23-23c0-483b-9556-ff01557a7a23] INFO  o.e.m.i.launch.MavenLaunchDelegate -  mvn  -DarchetypeGroupId=com.github.ywchang -DarchetypeArtifactId=maven-archetype-quickstart -DarchetypeVersion=1.1 -DgroupId=FrameWork -DartifactId=Cucumber -Dversion=0.0.1-SNAPSHOT -Dpackage=FrameWork.Cucumber -DoutputDirectory=C:\Users\mahab\eclipse-workspace1 -Dstyle.color=always -U archetype:generate
2023-03-05 15:10:52,181 [Worker-40: Creating maven-archetype-quickstart] INFO  o.e.m.c.i.p.ProjectConfigurationManager - Collecting project info '/pom.xml' C:\Users\mahab\eclipse-workspace1\Cucumber\pom.xml
2023-03-05 15:10:57,150 [Worker-40: Creating maven-archetype-quickstart] INFO  o.e.m.c.i.l.LifecycleMappingFactory - Using org.eclipse.m2e.jdt.JarLifecycleMapping lifecycle mapping for MavenProject: FrameWork:Cucumber:0.0.1-SNAPSHOT @ C:\Users\mahab\eclipse-workspace1\Cucumber\pom.xml.
2023-03-05 15:10:58,965 [Worker-40: Creating maven-archetype-quickstart] INFO  o.e.m.j.i.AbstractJavaProjectConfigurator - Adding source folder /Cucumber/src/main/java
2023-03-05 15:10:58,974 [Worker-40: Creating maven-archetype-quickstart] INFO  o.e.m.j.i.AbstractJavaProjectConfigurator - Adding source folder /Cucumber/src/test/java
2023-03-05 15:10:59,329 [Worker-40: Creating maven-archetype-quickstart] INFO  o.e.m.c.i.p.ProjectConfigurationManager - Imported and configured 1 project(s) in 7 sec
2023-03-05 15:11:01,439 [Worker-40: Building] INFO  o.e.m.c.i.embedder.EclipseLogger - Using 'UTF-8' encoding to copy filtered resources.
2023-03-05 15:11:01,440 [Worker-40: Building] INFO  o.e.m.c.i.embedder.EclipseLogger - skip non existing resourceDirectory C:\Users\mahab\eclipse-workspace1\Cucumber\src\main\resources
2023-03-05 15:11:01,448 [Worker-40: Building] INFO  o.e.m.c.i.embedder.EclipseLogger - Using 'UTF-8' encoding to copy filtered resources.
2023-03-05 15:11:01,449 [Worker-40: Building] INFO  o.e.m.c.i.embedder.EclipseLogger - skip non existing resourceDirectory C:\Users\mahab\eclipse-workspace1\Cucumber\src\test\resources
2023-03-05 15:13:19,040 [Worker-47: Building] INFO  o.e.m.c.i.embedder.EclipseLogger - Using 'UTF-8' encoding to copy filtered resources.
2023-03-05 15:13:19,041 [Worker-47: Building] INFO  o.e.m.c.i.embedder.EclipseLogger - skip non existing resourceDirectory C:\Users\mahab\eclipse-workspace1\Cucumber\src\main\resources
2023-03-05 15:13:19,046 [Worker-47: Building] INFO  o.e.m.c.i.embedder.EclipseLogger - Using 'UTF-8' encoding to copy filtered resources.
2023-03-05 15:13:19,046 [Worker-47: Building] INFO  o.e.m.c.i.embedder.EclipseLogger - skip non existing resourceDirectory C:\Users\mahab\eclipse-workspace1\Cucumber\src\test\resources
2023-03-05 15:15:17,459 [Worker-52: Building] INFO  o.e.m.c.i.l.LifecycleMappingFactory - Using org.eclipse.m2e.jdt.JarLifecycleMapping lifecycle mapping for MavenProject: FrameWork:Cucumber:0.0.1-SNAPSHOT @ C:\Users\mahab\eclipse-workspace1\Cucumber\pom.xml.
2023-03-05 15:15:18,215 [Worker-52: Building] INFO  o.e.m.c.i.embedder.EclipseLogger - Using 'UTF-8' encoding to copy filtered resources.
2023-03-05 15:15:18,215 [Worker-52: Building] INFO  o.e.m.c.i.embedder.EclipseLogger - skip non existing resourceDirectory C:\Users\mahab\eclipse-workspace1\Cucumber\src\main\resources
2023-03-05 15:15:18,218 [Worker-52: Building] INFO  o.e.m.c.i.embedder.EclipseLogger - Using 'UTF-8' encoding to copy filtered resources.
2023-03-05 15:15:18,218 [Worker-52: Building] INFO  o.e.m.c.i.embedder.EclipseLogger - skip non existing resourceDirectory C:\Users\mahab\eclipse-workspace1\Cucumber\src\test\resources
2023-03-05 15:15:19,717 [Worker-51: Building] INFO  o.e.m.c.i.embedder.EclipseLogger - Using 'UTF-8' encoding to copy filtered resources.
2023-03-05 15:15:19,718 [Worker-51: Building] INFO  o.e.m.c.i.embedder.EclipseLogger - skip non existing resourceDirectory C:\Users\mahab\eclipse-workspace1\Cucumber\src\main\resources
2023-03-05 15:15:19,720 [Worker-51: Building] INFO  o.e.m.c.i.embedder.EclipseLogger - Using 'UTF-8' encoding to copy filtered resources.
2023-03-05 15:15:19,721 [Worker-51: Building] INFO  o.e.m.c.i.embedder.EclipseLogger - skip non existing resourceDirectory C:\Users\mahab\eclipse-workspace1\Cucumber\src\test\resources
2023-03-05 15:21:44,663 [Worker-63: Building] INFO  o.e.m.c.i.embedder.EclipseLogger - Using 'UTF-8' encoding to copy filtered resources.
2023-03-05 15:21:44,664 [Worker-63: Building] INFO  o.e.m.c.i.embedder.EclipseLogger - skip non existing resourceDirectory C:\Users\mahab\eclipse-workspace1\Cucumber\src\main\resources
2023-03-05 15:21:44,667 [Worker-63: Building] INFO  o.e.m.c.i.embedder.EclipseLogger - Using 'UTF-8' encoding to copy filtered resources.
2023-03-05 15:21:44,667 [Worker-63: Building] INFO  o.e.m.c.i.embedder.EclipseLogger - skip non existing resourceDirectory C:\Users\mahab\eclipse-workspace1\Cucumber\src\test\resources
2023-03-05 15:22:03,152 [Worker-56: Building] INFO  o.e.m.c.i.embedder.EclipseLogger - Using 'UTF-8' encoding to copy filtered resources.
2023-03-05 15:22:03,154 [Worker-56: Building] INFO  o.e.m.c.i.embedder.EclipseLogger - skip non existing resourceDirectory C:\Users\mahab\eclipse-workspace1\Cucumber\src\main\resources
2023-03-05 15:22:03,161 [Worker-56: Building] INFO  o.e.m.c.i.embedder.EclipseLogger - Using 'UTF-8' encoding to copy filtered resources.
2023-03-05 15:22:03,162 [Worker-56: Building] INFO  o.e.m.c.i.embedder.EclipseLogger - skip non existing resourceDirectory C:\Users\mahab\eclipse-workspace1\Cucumber\src\test\resources
2023-03-05 15:23:20,617 [Worker-63: Building] INFO  o.e.m.c.i.embedder.EclipseLogger - Using 'UTF-8' encoding to copy filtered resources.
2023-03-05 15:23:20,618 [Worker-63: Building] INFO  o.e.m.c.i.embedder.EclipseLogger - skip non existing resourceDirectory C:\Users\mahab\eclipse-workspace1\Cucumber\src\main\resources
2023-03-05 15:23:20,619 [Worker-63: Building] INFO  o.e.m.c.i.embedder.EclipseLogger - Using 'UTF-8' encoding to copy filtered resources.
2023-03-05 15:23:20,619 [Worker-63: Building] INFO  o.e.m.c.i.embedder.EclipseLogger - skip non existing resourceDirectory C:\Users\mahab\eclipse-workspace1\Cucumber\src\test\resources
2023-03-05 15:25:41,679 [Worker-63: Building] INFO  o.e.m.c.i.embedder.EclipseLogger - Using 'UTF-8' encoding to copy filtered resources.
2023-03-05 15:25:41,680 [Worker-63: Building] INFO  o.e.m.c.i.embedder.EclipseLogger - skip non existing resourceDirectory C:\Users\mahab\eclipse-workspace1\Cucumber\src\main\resources
2023-03-05 15:25:41,685 [Worker-63: Building] INFO  o.e.m.c.i.embedder.EclipseLogger - Using 'UTF-8' encoding to copy filtered resources.
2023-03-05 15:25:41,687 [Worker-63: Building] INFO  o.e.m.c.i.embedder.EclipseLogger - skip non existing resourceDirectory C:\Users\mahab\eclipse-workspace1\Cucumber\src\test\resources
2023-03-05 15:25:55,691 [Worker-69: Build project Cucumber] INFO  o.e.m.c.i.embedder.EclipseLogger - Using 'UTF-8' encoding to copy filtered resources.
2023-03-05 15:25:55,691 [Worker-69: Build project Cucumber] INFO  o.e.m.c.i.embedder.EclipseLogger - skip non existing resourceDirectory C:\Users\mahab\eclipse-workspace1\Cucumber\src\main\resources
2023-03-05 15:25:55,692 [Worker-69: Build project Cucumber] INFO  o.e.m.c.i.embedder.EclipseLogger - Using 'UTF-8' encoding to copy filtered resources.
2023-03-05 15:25:55,692 [Worker-69: Build project Cucumber] INFO  o.e.m.c.i.embedder.EclipseLogger - skip non existing resourceDirectory C:\Users\mahab\eclipse-workspace1\Cucumber\src\test\resources
2023-03-05 15:28:44,159 [Worker-72: Building] INFO  o.e.m.c.i.embedder.EclipseLogger - Using 'UTF-8' encoding to copy filtered resources.
2023-03-05 15:28:44,159 [Worker-72: Building] INFO  o.e.m.c.i.embedder.EclipseLogger - skip non existing resourceDirectory C:\Users\mahab\eclipse-workspace1\Cucumber\src\main\resources
2023-03-05 15:28:44,162 [Worker-72: Building] INFO  o.e.m.c.i.embedder.EclipseLogger - Using 'UTF-8' encoding to copy filtered resources.
2023-03-05 15:28:44,163 [Worker-72: Building] INFO  o.e.m.c.i.embedder.EclipseLogger - skip non existing resourceDirectory C:\Users\mahab\eclipse-workspace1\Cucumber\src\test\resources
2023-03-05 15:28:45,187 [Worker-72: Building] INFO  o.e.m.c.i.embedder.EclipseLogger - Using 'UTF-8' encoding to copy filtered resources.
2023-03-05 15:28:45,188 [Worker-72: Building] INFO  o.e.m.c.i.embedder.EclipseLogger - skip non existing resourceDirectory C:\Users\mahab\eclipse-workspace1\Cucumber\src\main\resources
2023-03-05 15:28:45,189 [Worker-72: Building] INFO  o.e.m.c.i.embedder.EclipseLogger - Using 'UTF-8' encoding to copy filtered resources.
2023-03-05 15:28:45,189 [Worker-72: Building] INFO  o.e.m.c.i.embedder.EclipseLogger - skip non existing resourceDirectory C:\Users\mahab\eclipse-workspace1\Cucumber\src\test\resources
2023-03-05 15:29:00,834 [Worker-71: Launching GreenKartSearch.feature] INFO  o.e.m.c.i.embedder.EclipseLogger - Using 'UTF-8' encoding to copy filtered resources.
2023-03-05 15:29:00,835 [Worker-71: Launching GreenKartSearch.feature] INFO  o.e.m.c.i.embedder.EclipseLogger - skip non existing resourceDirectory C:\Users\mahab\eclipse-workspace1\Cucumber\src\main\resources
2023-03-05 15:29:00,838 [Worker-71: Launching GreenKartSearch.feature] INFO  o.e.m.c.i.embedder.EclipseLogger - Using 'UTF-8' encoding to copy filtered resources.
2023-03-05 15:29:00,839 [Worker-71: Launching GreenKartSearch.feature] INFO  o.e.m.c.i.embedder.EclipseLogger - skip non existing resourceDirectory C:\Users\mahab\eclipse-workspace1\Cucumber\src\test\resources
2023-03-05 15:33:26,144 [Worker-70: Building] INFO  o.e.m.c.i.embedder.EclipseLogger - Using 'UTF-8' encoding to copy filtered resources.
2023-03-05 15:33:26,145 [Worker-70: Building] INFO  o.e.m.c.i.embedder.EclipseLogger - skip non existing resourceDirectory C:\Users\mahab\eclipse-workspace1\Cucumber\src\main\resources
2023-03-05 15:33:26,147 [Worker-70: Building] INFO  o.e.m.c.i.embedder.EclipseLogger - Using 'UTF-8' encoding to copy filtered resources.
2023-03-05 15:33:26,147 [Worker-70: Building] INFO  o.e.m.c.i.embedder.EclipseLogger - skip non existing resourceDirectory C:\Users\mahab\eclipse-workspace1\Cucumber\src\test\resources
2023-03-05 15:33:30,967 [Worker-77: Building] INFO  o.e.m.c.i.embedder.EclipseLogger - Using 'UTF-8' encoding to copy filtered resources.
2023-03-05 15:33:30,967 [Worker-77: Building] INFO  o.e.m.c.i.embedder.EclipseLogger - skip non existing resourceDirectory C:\Users\mahab\eclipse-workspace1\Cucumber\src\main\resources
2023-03-05 15:33:30,969 [Worker-77: Building] INFO  o.e.m.c.i.embedder.EclipseLogger - Using 'UTF-8' encoding to copy filtered resources.
2023-03-05 15:33:30,969 [Worker-77: Building] INFO  o.e.m.c.i.embedder.EclipseLogger - skip non existing resourceDirectory C:\Users\mahab\eclipse-workspace1\Cucumber\src\test\resources
2023-03-05 15:34:27,237 [Worker-77: Building] INFO  o.e.m.c.i.embedder.EclipseLogger - Using 'UTF-8' encoding to copy filtered resources.
2023-03-05 15:34:27,238 [Worker-77: Building] INFO  o.e.m.c.i.embedder.EclipseLogger - skip non existing resourceDirectory C:\Users\mahab\eclipse-workspace1\Cucumber\src\main\resources
2023-03-05 15:34:27,239 [Worker-77: Building] INFO  o.e.m.c.i.embedder.EclipseLogger - Using 'UTF-8' encoding to copy filtered resources.
2023-03-05 15:34:27,239 [Worker-77: Building] INFO  o.e.m.c.i.embedder.EclipseLogger - skip non existing resourceDirectory C:\Users\mahab\eclipse-workspace1\Cucumber\src\test\resources
2023-03-05 15:34:37,829 [Worker-72: Building] INFO  o.e.m.c.i.embedder.EclipseLogger - Using 'UTF-8' encoding to copy filtered resources.
2023-03-05 15:34:37,830 [Worker-72: Building] INFO  o.e.m.c.i.embedder.EclipseLogger - skip non existing resourceDirectory C:\Users\mahab\eclipse-workspace1\Cucumber\src\main\resources
2023-03-05 15:34:37,832 [Worker-72: Building] INFO  o.e.m.c.i.embedder.EclipseLogger - Using 'UTF-8' encoding to copy filtered resources.
2023-03-05 15:34:37,832 [Worker-72: Building] INFO  o.e.m.c.i.embedder.EclipseLogger - skip non existing resourceDirectory C:\Users\mahab\eclipse-workspace1\Cucumber\src\test\resources
2023-03-05 15:34:53,661 [Worker-79: Building] INFO  o.e.m.c.i.embedder.EclipseLogger - Using 'UTF-8' encoding to copy filtered resources.
2023-03-05 15:34:53,661 [Worker-79: Building] INFO  o.e.m.c.i.embedder.EclipseLogger - skip non existing resourceDirectory C:\Users\mahab\eclipse-workspace1\Cucumber\src\main\resources
2023-03-05 15:34:53,662 [Worker-79: Building] INFO  o.e.m.c.i.embedder.EclipseLogger - Using 'UTF-8' encoding to copy filtered resources.
2023-03-05 15:34:53,663 [Worker-79: Building] INFO  o.e.m.c.i.embedder.EclipseLogger - skip non existing resourceDirectory C:\Users\mahab\eclipse-workspace1\Cucumber\src\test\resources
2023-03-05 15:35:50,415 [Worker-72: Building] INFO  o.e.m.c.i.embedder.EclipseLogger - Using 'UTF-8' encoding to copy filtered resources.
2023-03-05 15:35:50,415 [Worker-72: Building] INFO  o.e.m.c.i.embedder.EclipseLogger - skip non existing resourceDirectory C:\Users\mahab\eclipse-workspace1\Cucumber\src\main\resources
2023-03-05 15:35:50,417 [Worker-72: Building] INFO  o.e.m.c.i.embedder.EclipseLogger - Using 'UTF-8' encoding to copy filtered resources.
2023-03-05 15:35:50,417 [Worker-72: Building] INFO  o.e.m.c.i.embedder.EclipseLogger - skip non existing resourceDirectory C:\Users\mahab\eclipse-workspace1\Cucumber\src\test\resources
2023-03-05 15:36:00,216 [Worker-78: Building] INFO  o.e.m.c.i.embedder.EclipseLogger - Using 'UTF-8' encoding to copy filtered resources.
2023-03-05 15:36:00,216 [Worker-78: Building] INFO  o.e.m.c.i.embedder.EclipseLogger - skip non existing resourceDirectory C:\Users\mahab\eclipse-workspace1\Cucumber\src\main\resources
2023-03-05 15:36:00,217 [Worker-78: Building] INFO  o.e.m.c.i.embedder.EclipseLogger - Using 'UTF-8' encoding to copy filtered resources.
2023-03-05 15:36:00,217 [Worker-78: Building] INFO  o.e.m.c.i.embedder.EclipseLogger - skip non existing resourceDirectory C:\Users\mahab\eclipse-workspace1\Cucumber\src\test\resources
2023-03-05 15:36:38,447 [Worker-79: Building] INFO  o.e.m.c.i.embedder.EclipseLogger - Using 'UTF-8' encoding to copy filtered resources.
2023-03-05 15:36:38,447 [Worker-79: Building] INFO  o.e.m.c.i.embedder.EclipseLogger - skip non existing resourceDirectory C:\Users\mahab\eclipse-workspace1\Cucumber\src\main\resources
2023-03-05 15:36:38,449 [Worker-79: Building] INFO  o.e.m.c.i.embedder.EclipseLogger - Using 'UTF-8' encoding to copy filtered resources.
2023-03-05 15:36:38,449 [Worker-79: Building] INFO  o.e.m.c.i.embedder.EclipseLogger - skip non existing resourceDirectory C:\Users\mahab\eclipse-workspace1\Cucumber\src\test\resources
2023-03-05 15:37:09,064 [Worker-79: Building] INFO  o.e.m.c.i.embedder.EclipseLogger - Using 'UTF-8' encoding to copy filtered resources.
2023-03-05 15:37:09,064 [Worker-79: Building] INFO  o.e.m.c.i.embedder.EclipseLogger - skip non existing resourceDirectory C:\Users\mahab\eclipse-workspace1\Cucumber\src\main\resources
2023-03-05 15:37:09,065 [Worker-79: Building] INFO  o.e.m.c.i.embedder.EclipseLogger - Using 'UTF-8' encoding to copy filtered resources.
2023-03-05 15:37:09,066 [Worker-79: Building] INFO  o.e.m.c.i.embedder.EclipseLogger - skip non existing resourceDirectory C:\Users\mahab\eclipse-workspace1\Cucumber\src\test\resources
2023-03-05 15:37:39,613 [Worker-79: Building] INFO  o.e.m.c.i.embedder.EclipseLogger - Using 'UTF-8' encoding to copy filtered resources.
2023-03-05 15:37:39,614 [Worker-79: Building] INFO  o.e.m.c.i.embedder.EclipseLogger - skip non existing resourceDirectory C:\Users\mahab\eclipse-workspace1\Cucumber\src\main\resources
2023-03-05 15:37:39,615 [Worker-79: Building] INFO  o.e.m.c.i.embedder.EclipseLogger - Using 'UTF-8' encoding to copy filtered resources.
2023-03-05 15:37:39,615 [Worker-79: Building] INFO  o.e.m.c.i.embedder.EclipseLogger - skip non existing resourceDirectory C:\Users\mahab\eclipse-workspace1\Cucumber\src\test\resources
2023-03-05 15:38:07,348 [Worker-78: Building] INFO  o.e.m.c.i.embedder.EclipseLogger - Using 'UTF-8' encoding to copy filtered resources.
2023-03-05 15:38:07,348 [Worker-78: Building] INFO  o.e.m.c.i.embedder.EclipseLogger - skip non existing resourceDirectory C:\Users\mahab\eclipse-workspace1\Cucumber\src\main\resources
2023-03-05 15:38:07,350 [Worker-78: Building] INFO  o.e.m.c.i.embedder.EclipseLogger - Using 'UTF-8' encoding to copy filtered resources.
2023-03-05 15:38:07,350 [Worker-78: Building] INFO  o.e.m.c.i.embedder.EclipseLogger - skip non existing resourceDirectory C:\Users\mahab\eclipse-workspace1\Cucumber\src\test\resources
2023-03-05 15:39:33,078 [Worker-81: Building] INFO  o.e.m.c.i.embedder.EclipseLogger - Using 'UTF-8' encoding to copy filtered resources.
2023-03-05 15:39:33,078 [Worker-81: Building] INFO  o.e.m.c.i.embedder.EclipseLogger - skip non existing resourceDirectory C:\Users\mahab\eclipse-workspace1\Cucumber\src\main\resources
2023-03-05 15:39:33,080 [Worker-81: Building] INFO  o.e.m.c.i.embedder.EclipseLogger - Using 'UTF-8' encoding to copy filtered resources.
2023-03-05 15:39:33,080 [Worker-81: Building] INFO  o.e.m.c.i.embedder.EclipseLogger - skip non existing resourceDirectory C:\Users\mahab\eclipse-workspace1\Cucumber\src\test\resources
2023-03-05 15:49:53,785 [Worker-85: Building] INFO  o.e.m.c.i.embedder.EclipseLogger - Using 'UTF-8' encoding to copy filtered resources.
2023-03-05 15:49:53,785 [Worker-85: Building] INFO  o.e.m.c.i.embedder.EclipseLogger - skip non existing resourceDirectory C:\Users\mahab\eclipse-workspace1\Cucumber\src\main\resources
2023-03-05 15:49:53,787 [Worker-85: Building] INFO  o.e.m.c.i.embedder.EclipseLogger - Using 'UTF-8' encoding to copy filtered resources.
2023-03-05 15:49:53,787 [Worker-85: Building] INFO  o.e.m.c.i.embedder.EclipseLogger - skip non existing resourceDirectory C:\Users\mahab\eclipse-workspace1\Cucumber\src\test\resources
2023-03-05 15:50:38,294 [Worker-83: Building] INFO  o.e.m.c.i.embedder.EclipseLogger - Using 'UTF-8' encoding to copy filtered resources.
2023-03-05 15:50:38,294 [Worker-83: Building] INFO  o.e.m.c.i.embedder.EclipseLogger - skip non existing resourceDirectory C:\Users\mahab\eclipse-workspace1\Cucumber\src\main\resources
2023-03-05 15:50:38,295 [Worker-83: Building] INFO  o.e.m.c.i.embedder.EclipseLogger - Using 'UTF-8' encoding to copy filtered resources.
2023-03-05 15:50:38,296 [Worker-83: Building] INFO  o.e.m.c.i.embedder.EclipseLogger - skip non existing resourceDirectory C:\Users\mahab\eclipse-workspace1\Cucumber\src\test\resources
2023-03-05 15:52:22,353 [Worker-86: Building] INFO  o.e.m.c.i.embedder.EclipseLogger - Using 'UTF-8' encoding to copy filtered resources.
2023-03-05 15:52:22,353 [Worker-86: Building] INFO  o.e.m.c.i.embedder.EclipseLogger - skip non existing resourceDirectory C:\Users\mahab\eclipse-workspace1\Cucumber\src\main\resources
2023-03-05 15:52:22,354 [Worker-86: Building] INFO  o.e.m.c.i.embedder.EclipseLogger - Using 'UTF-8' encoding to copy filtered resources.
2023-03-05 15:52:22,354 [Worker-86: Building] INFO  o.e.m.c.i.embedder.EclipseLogger - skip non existing resourceDirectory C:\Users\mahab\eclipse-workspace1\Cucumber\src\test\resources
2023-03-05 15:52:23,558 [Worker-87: Building] INFO  o.e.m.c.i.embedder.EclipseLogger - Using 'UTF-8' encoding to copy filtered resources.
2023-03-05 15:52:23,558 [Worker-87: Building] INFO  o.e.m.c.i.embedder.EclipseLogger - skip non existing resourceDirectory C:\Users\mahab\eclipse-workspace1\Cucumber\src\main\resources
2023-03-05 15:52:23,560 [Worker-87: Building] INFO  o.e.m.c.i.embedder.EclipseLogger - Using 'UTF-8' encoding to copy filtered resources.
2023-03-05 15:52:23,561 [Worker-87: Building] INFO  o.e.m.c.i.embedder.EclipseLogger - skip non existing resourceDirectory C:\Users\mahab\eclipse-workspace1\Cucumber\src\test\resources
2023-03-05 15:52:35,447 [Worker-82: Building] INFO  o.e.m.c.i.embedder.EclipseLogger - Using 'UTF-8' encoding to copy filtered resources.
2023-03-05 15:52:35,447 [Worker-82: Building] INFO  o.e.m.c.i.embedder.EclipseLogger - skip non existing resourceDirectory C:\Users\mahab\eclipse-workspace1\Cucumber\src\main\resources
2023-03-05 15:52:35,448 [Worker-82: Building] INFO  o.e.m.c.i.embedder.EclipseLogger - Using 'UTF-8' encoding to copy filtered resources.
2023-03-05 15:52:35,449 [Worker-82: Building] INFO  o.e.m.c.i.embedder.EclipseLogger - skip non existing resourceDirectory C:\Users\mahab\eclipse-workspace1\Cucumber\src\test\resources
2023-03-05 15:52:42,197 [Worker-87: Building] INFO  o.e.m.c.i.embedder.EclipseLogger - Using 'UTF-8' encoding to copy filtered resources.
2023-03-05 15:52:42,197 [Worker-87: Building] INFO  o.e.m.c.i.embedder.EclipseLogger - skip non existing resourceDirectory C:\Users\mahab\eclipse-workspace1\Cucumber\src\main\resources
2023-03-05 15:52:42,198 [Worker-87: Building] INFO  o.e.m.c.i.embedder.EclipseLogger - Using 'UTF-8' encoding to copy filtered resources.
2023-03-05 15:52:42,198 [Worker-87: Building] INFO  o.e.m.c.i.embedder.EclipseLogger - skip non existing resourceDirectory C:\Users\mahab\eclipse-workspace1\Cucumber\src\test\resources
2023-03-05 15:55:06,881 [Worker-83: Building] INFO  o.e.m.c.i.embedder.EclipseLogger - Using 'UTF-8' encoding to copy filtered resources.
2023-03-05 15:55:06,881 [Worker-83: Building] INFO  o.e.m.c.i.embedder.EclipseLogger - skip non existing resourceDirectory C:\Users\mahab\eclipse-workspace1\Cucumber\src\main\resources
2023-03-05 15:55:06,882 [Worker-83: Building] INFO  o.e.m.c.i.embedder.EclipseLogger - Using 'UTF-8' encoding to copy filtered resources.
2023-03-05 15:55:06,882 [Worker-83: Building] INFO  o.e.m.c.i.embedder.EclipseLogger - skip non existing resourceDirectory C:\Users\mahab\eclipse-workspace1\Cucumber\src\test\resources
2023-03-05 15:55:16,048 [Worker-87: Building] INFO  o.e.m.c.i.embedder.EclipseLogger - Using 'UTF-8' encoding to copy filtered resources.
2023-03-05 15:55:16,048 [Worker-87: Building] INFO  o.e.m.c.i.embedder.EclipseLogger - skip non existing resourceDirectory C:\Users\mahab\eclipse-workspace1\Cucumber\src\main\resources
2023-03-05 15:55:16,050 [Worker-87: Building] INFO  o.e.m.c.i.embedder.EclipseLogger - Using 'UTF-8' encoding to copy filtered resources.
2023-03-05 15:55:16,050 [Worker-87: Building] INFO  o.e.m.c.i.embedder.EclipseLogger - skip non existing resourceDirectory C:\Users\mahab\eclipse-workspace1\Cucumber\src\test\resources
2023-03-05 15:55:19,224 [Worker-88: Building] INFO  o.e.m.c.i.embedder.EclipseLogger - Using 'UTF-8' encoding to copy filtered resources.
2023-03-05 15:55:19,224 [Worker-88: Building] INFO  o.e.m.c.i.embedder.EclipseLogger - skip non existing resourceDirectory C:\Users\mahab\eclipse-workspace1\Cucumber\src\main\resources
2023-03-05 15:55:19,225 [Worker-88: Building] INFO  o.e.m.c.i.embedder.EclipseLogger - Using 'UTF-8' encoding to copy filtered resources.
2023-03-05 15:55:19,226 [Worker-88: Building] INFO  o.e.m.c.i.embedder.EclipseLogger - skip non existing resourceDirectory C:\Users\mahab\eclipse-workspace1\Cucumber\src\test\resources
2023-03-05 15:55:27,990 [Worker-90: Building] INFO  o.e.m.c.i.embedder.EclipseLogger - Using 'UTF-8' encoding to copy filtered resources.
2023-03-05 15:55:27,990 [Worker-90: Building] INFO  o.e.m.c.i.embedder.EclipseLogger - skip non existing resourceDirectory C:\Users\mahab\eclipse-workspace1\Cucumber\src\main\resources
2023-03-05 15:55:27,992 [Worker-90: Building] INFO  o.e.m.c.i.embedder.EclipseLogger - Using 'UTF-8' encoding to copy filtered resources.
2023-03-05 15:55:27,992 [Worker-90: Building] INFO  o.e.m.c.i.embedder.EclipseLogger - skip non existing resourceDirectory C:\Users\mahab\eclipse-workspace1\Cucumber\src\test\resources
2023-03-05 15:55:30,567 [Worker-88: Building] INFO  o.e.m.c.i.embedder.EclipseLogger - Using 'UTF-8' encoding to copy filtered resources.
2023-03-05 15:55:30,567 [Worker-88: Building] INFO  o.e.m.c.i.embedder.EclipseLogger - skip non existing resourceDirectory C:\Users\mahab\eclipse-workspace1\Cucumber\src\main\resources
2023-03-05 15:55:30,568 [Worker-88: Building] INFO  o.e.m.c.i.embedder.EclipseLogger - Using 'UTF-8' encoding to copy filtered resources.
2023-03-05 15:55:30,569 [Worker-88: Building] INFO  o.e.m.c.i.embedder.EclipseLogger - skip non existing resourceDirectory C:\Users\mahab\eclipse-workspace1\Cucumber\src\test\resources
2023-03-05 15:55:39,523 [Worker-83: Building] INFO  o.e.m.c.i.embedder.EclipseLogger - Using 'UTF-8' encoding to copy filtered resources.
2023-03-05 15:55:39,524 [Worker-83: Building] INFO  o.e.m.c.i.embedder.EclipseLogger - skip non existing resourceDirectory C:\Users\mahab\eclipse-workspace1\Cucumber\src\main\resources
2023-03-05 15:55:39,525 [Worker-83: Building] INFO  o.e.m.c.i.embedder.EclipseLogger - Using 'UTF-8' encoding to copy filtered resources.
2023-03-05 15:55:39,525 [Worker-83: Building] INFO  o.e.m.c.i.embedder.EclipseLogger - skip non existing resourceDirectory C:\Users\mahab\eclipse-workspace1\Cucumber\src\test\resources
2023-03-05 15:58:24,856 [Worker-90: Building] INFO  o.e.m.c.i.embedder.EclipseLogger - Using 'UTF-8' encoding to copy filtered resources.
2023-03-05 15:58:24,856 [Worker-90: Building] INFO  o.e.m.c.i.embedder.EclipseLogger - skip non existing resourceDirectory C:\Users\mahab\eclipse-workspace1\Cucumber\src\main\resources
2023-03-05 15:58:24,858 [Worker-90: Building] INFO  o.e.m.c.i.embedder.EclipseLogger - Using 'UTF-8' encoding to copy filtered resources.
2023-03-05 15:58:24,858 [Worker-90: Building] INFO  o.e.m.c.i.embedder.EclipseLogger - skip non existing resourceDirectory C:\Users\mahab\eclipse-workspace1\Cucumber\src\test\resources
2023-03-05 15:58:37,426 [Worker-92: Building] INFO  o.e.m.c.i.embedder.EclipseLogger - Using 'UTF-8' encoding to copy filtered resources.
2023-03-05 15:58:37,426 [Worker-92: Building] INFO  o.e.m.c.i.embedder.EclipseLogger - skip non existing resourceDirectory C:\Users\mahab\eclipse-workspace1\Cucumber\src\main\resources
2023-03-05 15:58:37,427 [Worker-92: Building] INFO  o.e.m.c.i.embedder.EclipseLogger - Using 'UTF-8' encoding to copy filtered resources.
2023-03-05 15:58:37,428 [Worker-92: Building] INFO  o.e.m.c.i.embedder.EclipseLogger - skip non existing resourceDirectory C:\Users\mahab\eclipse-workspace1\Cucumber\src\test\resources
2023-03-05 16:07:40,793 [Worker-90: Building] INFO  o.e.m.c.i.embedder.EclipseLogger - Using 'UTF-8' encoding to copy filtered resources.
2023-03-05 16:07:40,794 [Worker-90: Building] INFO  o.e.m.c.i.embedder.EclipseLogger - skip non existing resourceDirectory C:\Users\mahab\eclipse-workspace1\Cucumber\src\main\resources
2023-03-05 16:07:40,795 [Worker-90: Building] INFO  o.e.m.c.i.embedder.EclipseLogger - Using 'UTF-8' encoding to copy filtered resources.
2023-03-05 16:07:40,795 [Worker-90: Building] INFO  o.e.m.c.i.embedder.EclipseLogger - skip non existing resourceDirectory C:\Users\mahab\eclipse-workspace1\Cucumber\src\test\resources
2023-03-05 16:08:07,592 [Worker-93: Building] INFO  o.e.m.c.i.embedder.EclipseLogger - Using 'UTF-8' encoding to copy filtered resources.
2023-03-05 16:08:07,592 [Worker-93: Building] INFO  o.e.m.c.i.embedder.EclipseLogger - skip non existing resourceDirectory C:\Users\mahab\eclipse-workspace1\Cucumber\src\main\resources
2023-03-05 16:08:07,593 [Worker-93: Building] INFO  o.e.m.c.i.embedder.EclipseLogger - Using 'UTF-8' encoding to copy filtered resources.
2023-03-05 16:08:07,593 [Worker-93: Building] INFO  o.e.m.c.i.embedder.EclipseLogger - skip non existing resourceDirectory C:\Users\mahab\eclipse-workspace1\Cucumber\src\test\resources
2023-03-05 16:08:20,151 [Worker-90: Building] INFO  o.e.m.c.i.embedder.EclipseLogger - Using 'UTF-8' encoding to copy filtered resources.
2023-03-05 16:08:20,151 [Worker-90: Building] INFO  o.e.m.c.i.embedder.EclipseLogger - skip non existing resourceDirectory C:\Users\mahab\eclipse-workspace1\Cucumber\src\main\resources
2023-03-05 16:08:20,153 [Worker-90: Building] INFO  o.e.m.c.i.embedder.EclipseLogger - Using 'UTF-8' encoding to copy filtered resources.
2023-03-05 16:08:20,153 [Worker-90: Building] INFO  o.e.m.c.i.embedder.EclipseLogger - skip non existing resourceDirectory C:\Users\mahab\eclipse-workspace1\Cucumber\src\test\resources
2023-03-05 16:10:15,039 [Worker-94: Building] INFO  o.e.m.c.i.embedder.EclipseLogger - Using 'UTF-8' encoding to copy filtered resources.
2023-03-05 16:10:15,040 [Worker-94: Building] INFO  o.e.m.c.i.embedder.EclipseLogger - skip non existing resourceDirectory C:\Users\mahab\eclipse-workspace1\Cucumber\src\main\resources
2023-03-05 16:10:15,042 [Worker-94: Building] INFO  o.e.m.c.i.embedder.EclipseLogger - Using 'UTF-8' encoding to copy filtered resources.
2023-03-05 16:10:15,042 [Worker-94: Building] INFO  o.e.m.c.i.embedder.EclipseLogger - skip non existing resourceDirectory C:\Users\mahab\eclipse-workspace1\Cucumber\src\test\resources
2023-03-05 16:10:35,779 [Worker-94: Building] INFO  o.e.m.c.i.embedder.EclipseLogger - Using 'UTF-8' encoding to copy filtered resources.
2023-03-05 16:10:35,779 [Worker-94: Building] INFO  o.e.m.c.i.embedder.EclipseLogger - skip non existing resourceDirectory C:\Users\mahab\eclipse-workspace1\Cucumber\src\main\resources
2023-03-05 16:10:35,780 [Worker-94: Building] INFO  o.e.m.c.i.embedder.EclipseLogger - Using 'UTF-8' encoding to copy filtered resources.
2023-03-05 16:10:35,780 [Worker-94: Building] INFO  o.e.m.c.i.embedder.EclipseLogger - skip non existing resourceDirectory C:\Users\mahab\eclipse-workspace1\Cucumber\src\test\resources
2023-03-05 16:11:04,743 [Worker-94: Building] INFO  o.e.m.c.i.embedder.EclipseLogger - Using 'UTF-8' encoding to copy filtered resources.
2023-03-05 16:11:04,744 [Worker-94: Building] INFO  o.e.m.c.i.embedder.EclipseLogger - skip non existing resourceDirectory C:\Users\mahab\eclipse-workspace1\Cucumber\src\main\resources
2023-03-05 16:11:04,747 [Worker-94: Building] INFO  o.e.m.c.i.embedder.EclipseLogger - Using 'UTF-8' encoding to copy filtered resources.
2023-03-05 16:11:04,749 [Worker-94: Building] INFO  o.e.m.c.i.embedder.EclipseLogger - skip non existing resourceDirectory C:\Users\mahab\eclipse-workspace1\Cucumber\src\test\resources
2023-03-05 16:11:14,823 [Worker-95: Building] INFO  o.e.m.c.i.embedder.EclipseLogger - Using 'UTF-8' encoding to copy filtered resources.
2023-03-05 16:11:14,823 [Worker-95: Building] INFO  o.e.m.c.i.embedder.EclipseLogger - skip non existing resourceDirectory C:\Users\mahab\eclipse-workspace1\Cucumber\src\main\resources
2023-03-05 16:11:14,825 [Worker-95: Building] INFO  o.e.m.c.i.embedder.EclipseLogger - Using 'UTF-8' encoding to copy filtered resources.
2023-03-05 16:11:14,825 [Worker-95: Building] INFO  o.e.m.c.i.embedder.EclipseLogger - skip non existing resourceDirectory C:\Users\mahab\eclipse-workspace1\Cucumber\src\test\resources
2023-03-05 16:12:11,984 [Worker-94: Building] INFO  o.e.m.c.i.embedder.EclipseLogger - Using 'UTF-8' encoding to copy filtered resources.
2023-03-05 16:12:11,985 [Worker-94: Building] INFO  o.e.m.c.i.embedder.EclipseLogger - skip non existing resourceDirectory C:\Users\mahab\eclipse-workspace1\Cucumber\src\main\resources
2023-03-05 16:12:11,986 [Worker-94: Building] INFO  o.e.m.c.i.embedder.EclipseLogger - Using 'UTF-8' encoding to copy filtered resources.
2023-03-05 16:12:11,986 [Worker-94: Building] INFO  o.e.m.c.i.embedder.EclipseLogger - skip non existing resourceDirectory C:\Users\mahab\eclipse-workspace1\Cucumber\src\test\resources
2023-03-05 16:12:26,343 [Worker-93: Building] INFO  o.e.m.c.i.embedder.EclipseLogger - Using 'UTF-8' encoding to copy filtered resources.
2023-03-05 16:12:26,344 [Worker-93: Building] INFO  o.e.m.c.i.embedder.EclipseLogger - skip non existing resourceDirectory C:\Users\mahab\eclipse-workspace1\Cucumber\src\main\resources
2023-03-05 16:12:26,345 [Worker-93: Building] INFO  o.e.m.c.i.embedder.EclipseLogger - Using 'UTF-8' encoding to copy filtered resources.
2023-03-05 16:12:26,345 [Worker-93: Building] INFO  o.e.m.c.i.embedder.EclipseLogger - skip non existing resourceDirectory C:\Users\mahab\eclipse-workspace1\Cucumber\src\test\resources
2023-03-05 16:13:21,923 [Worker-93: Building] INFO  o.e.m.c.i.embedder.EclipseLogger - Using 'UTF-8' encoding to copy filtered resources.
2023-03-05 16:13:21,923 [Worker-93: Building] INFO  o.e.m.c.i.embedder.EclipseLogger - skip non existing resourceDirectory C:\Users\mahab\eclipse-workspace1\Cucumber\src\main\resources
2023-03-05 16:13:21,924 [Worker-93: Building] INFO  o.e.m.c.i.embedder.EclipseLogger - Using 'UTF-8' encoding to copy filtered resources.
2023-03-05 16:13:21,924 [Worker-93: Building] INFO  o.e.m.c.i.embedder.EclipseLogger - skip non existing resourceDirectory C:\Users\mahab\eclipse-workspace1\Cucumber\src\test\resources
2023-03-05 16:13:36,286 [Worker-96: Building] INFO  o.e.m.c.i.embedder.EclipseLogger - Using 'UTF-8' encoding to copy filtered resources.
2023-03-05 16:13:36,286 [Worker-96: Building] INFO  o.e.m.c.i.embedder.EclipseLogger - skip non existing resourceDirectory C:\Users\mahab\eclipse-workspace1\Cucumber\src\main\resources
2023-03-05 16:13:36,288 [Worker-96: Building] INFO  o.e.m.c.i.embedder.EclipseLogger - Using 'UTF-8' encoding to copy filtered resources.
2023-03-05 16:13:36,289 [Worker-96: Building] INFO  o.e.m.c.i.embedder.EclipseLogger - skip non existing resourceDirectory C:\Users\mahab\eclipse-workspace1\Cucumber\src\test\resources
2023-03-05 16:13:42,655 [Worker-88: Building] INFO  o.e.m.c.i.embedder.EclipseLogger - Using 'UTF-8' encoding to copy filtered resources.
2023-03-05 16:13:42,656 [Worker-88: Building] INFO  o.e.m.c.i.embedder.EclipseLogger - skip non existing resourceDirectory C:\Users\mahab\eclipse-workspace1\Cucumber\src\main\resources
2023-03-05 16:13:42,657 [Worker-88: Building] INFO  o.e.m.c.i.embedder.EclipseLogger - Using 'UTF-8' encoding to copy filtered resources.
2023-03-05 16:13:42,657 [Worker-88: Building] INFO  o.e.m.c.i.embedder.EclipseLogger - skip non existing resourceDirectory C:\Users\mahab\eclipse-workspace1\Cucumber\src\test\resources
2023-03-05 16:13:53,494 [Worker-90: Building] INFO  o.e.m.c.i.embedder.EclipseLogger - Using 'UTF-8' encoding to copy filtered resources.
2023-03-05 16:13:53,494 [Worker-90: Building] INFO  o.e.m.c.i.embedder.EclipseLogger - skip non existing resourceDirectory C:\Users\mahab\eclipse-workspace1\Cucumber\src\main\resources
2023-03-05 16:13:53,495 [Worker-90: Building] INFO  o.e.m.c.i.embedder.EclipseLogger - Using 'UTF-8' encoding to copy filtered resources.
2023-03-05 16:13:53,495 [Worker-90: Building] INFO  o.e.m.c.i.embedder.EclipseLogger - skip non existing resourceDirectory C:\Users\mahab\eclipse-workspace1\Cucumber\src\test\resources
2023-03-05 16:14:25,611 [Worker-94: Building] INFO  o.e.m.c.i.embedder.EclipseLogger - Using 'UTF-8' encoding to copy filtered resources.
2023-03-05 16:14:25,611 [Worker-94: Building] INFO  o.e.m.c.i.embedder.EclipseLogger - skip non existing resourceDirectory C:\Users\mahab\eclipse-workspace1\Cucumber\src\main\resources
2023-03-05 16:14:25,612 [Worker-94: Building] INFO  o.e.m.c.i.embedder.EclipseLogger - Using 'UTF-8' encoding to copy filtered resources.
2023-03-05 16:14:25,612 [Worker-94: Building] INFO  o.e.m.c.i.embedder.EclipseLogger - skip non existing resourceDirectory C:\Users\mahab\eclipse-workspace1\Cucumber\src\test\resources
2023-03-05 16:17:32,999 [Worker-96: Building] INFO  o.e.m.c.i.embedder.EclipseLogger - Using 'UTF-8' encoding to copy filtered resources.
2023-03-05 16:17:33,000 [Worker-96: Building] INFO  o.e.m.c.i.embedder.EclipseLogger - skip non existing resourceDirectory C:\Users\mahab\eclipse-workspace1\Cucumber\src\main\resources
2023-03-05 16:17:33,002 [Worker-96: Building] INFO  o.e.m.c.i.embedder.EclipseLogger - Using 'UTF-8' encoding to copy filtered resources.
2023-03-05 16:17:33,002 [Worker-96: Building] INFO  o.e.m.c.i.embedder.EclipseLogger - skip non existing resourceDirectory C:\Users\mahab\eclipse-workspace1\Cucumber\src\test\resources
2023-03-05 16:17:45,557 [Worker-98: Building] INFO  o.e.m.c.i.embedder.EclipseLogger - Using 'UTF-8' encoding to copy filtered resources.
2023-03-05 16:17:45,558 [Worker-98: Building] INFO  o.e.m.c.i.embedder.EclipseLogger - skip non existing resourceDirectory C:\Users\mahab\eclipse-workspace1\Cucumber\src\main\resources
2023-03-05 16:17:45,559 [Worker-98: Building] INFO  o.e.m.c.i.embedder.EclipseLogger - Using 'UTF-8' encoding to copy filtered resources.
2023-03-05 16:17:45,559 [Worker-98: Building] INFO  o.e.m.c.i.embedder.EclipseLogger - skip non existing resourceDirectory C:\Users\mahab\eclipse-workspace1\Cucumber\src\test\resources
2023-03-05 16:18:13,408 [Worker-93: Building] INFO  o.e.m.c.i.embedder.EclipseLogger - Using 'UTF-8' encoding to copy filtered resources.
2023-03-05 16:18:13,408 [Worker-93: Building] INFO  o.e.m.c.i.embedder.EclipseLogger - skip non existing resourceDirectory C:\Users\mahab\eclipse-workspace1\Cucumber\src\main\resources
2023-03-05 16:18:13,408 [Worker-93: Building] INFO  o.e.m.c.i.embedder.EclipseLogger - Using 'UTF-8' encoding to copy filtered resources.
2023-03-05 16:18:13,408 [Worker-93: Building] INFO  o.e.m.c.i.embedder.EclipseLogger - skip non existing resourceDirectory C:\Users\mahab\eclipse-workspace1\Cucumber\src\test\resources
2023-03-05 16:18:16,501 [Worker-96: Building] INFO  o.e.m.c.i.embedder.EclipseLogger - Using 'UTF-8' encoding to copy filtered resources.
2023-03-05 16:18:16,502 [Worker-96: Building] INFO  o.e.m.c.i.embedder.EclipseLogger - skip non existing resourceDirectory C:\Users\mahab\eclipse-workspace1\Cucumber\src\main\resources
2023-03-05 16:18:16,504 [Worker-96: Building] INFO  o.e.m.c.i.embedder.EclipseLogger - Using 'UTF-8' encoding to copy filtered resources.
2023-03-05 16:18:16,504 [Worker-96: Building] INFO  o.e.m.c.i.embedder.EclipseLogger - skip non existing resourceDirectory C:\Users\mahab\eclipse-workspace1\Cucumber\src\test\resources
2023-03-05 16:18:54,474 [Worker-90: Building] INFO  o.e.m.c.i.embedder.EclipseLogger - Using 'UTF-8' encoding to copy filtered resources.
2023-03-05 16:18:54,474 [Worker-90: Building] INFO  o.e.m.c.i.embedder.EclipseLogger - skip non existing resourceDirectory C:\Users\mahab\eclipse-workspace1\Cucumber\src\main\resources
2023-03-05 16:18:54,477 [Worker-90: Building] INFO  o.e.m.c.i.embedder.EclipseLogger - Using 'UTF-8' encoding to copy filtered resources.
2023-03-05 16:18:54,477 [Worker-90: Building] INFO  o.e.m.c.i.embedder.EclipseLogger - skip non existing resourceDirectory C:\Users\mahab\eclipse-workspace1\Cucumber\src\test\resources
2023-03-05 16:19:30,496 [Worker-99: Building] INFO  o.e.m.c.i.embedder.EclipseLogger - Using 'UTF-8' encoding to copy filtered resources.
2023-03-05 16:19:30,497 [Worker-99: Building] INFO  o.e.m.c.i.embedder.EclipseLogger - skip non existing resourceDirectory C:\Users\mahab\eclipse-workspace1\Cucumber\src\main\resources
2023-03-05 16:19:30,497 [Worker-99: Building] INFO  o.e.m.c.i.embedder.EclipseLogger - Using 'UTF-8' encoding to copy filtered resources.
2023-03-05 16:19:30,498 [Worker-99: Building] INFO  o.e.m.c.i.embedder.EclipseLogger - skip non existing resourceDirectory C:\Users\mahab\eclipse-workspace1\Cucumber\src\test\resources
2023-03-05 16:24:02,665 [Worker-93: Building] INFO  o.e.m.c.i.embedder.EclipseLogger - Using 'UTF-8' encoding to copy filtered resources.
2023-03-05 16:24:02,666 [Worker-93: Building] INFO  o.e.m.c.i.embedder.EclipseLogger - skip non existing resourceDirectory C:\Users\mahab\eclipse-workspace1\Cucumber\src\main\resources
2023-03-05 16:24:02,669 [Worker-93: Building] INFO  o.e.m.c.i.embedder.EclipseLogger - Using 'UTF-8' encoding to copy filtered resources.
2023-03-05 16:24:02,670 [Worker-93: Building] INFO  o.e.m.c.i.embedder.EclipseLogger - skip non existing resourceDirectory C:\Users\mahab\eclipse-workspace1\Cucumber\src\test\resources
2023-03-05 16:24:32,687 [Worker-90: Building] INFO  o.e.m.c.i.embedder.EclipseLogger - Using 'UTF-8' encoding to copy filtered resources.
2023-03-05 16:24:32,687 [Worker-90: Building] INFO  o.e.m.c.i.embedder.EclipseLogger - skip non existing resourceDirectory C:\Users\mahab\eclipse-workspace1\Cucumber\src\main\resources
2023-03-05 16:24:32,689 [Worker-90: Building] INFO  o.e.m.c.i.embedder.EclipseLogger - Using 'UTF-8' encoding to copy filtered resources.
2023-03-05 16:24:32,689 [Worker-90: Building] INFO  o.e.m.c.i.embedder.EclipseLogger - skip non existing resourceDirectory C:\Users\mahab\eclipse-workspace1\Cucumber\src\test\resources
2023-03-05 16:24:39,249 [Worker-99: Building] INFO  o.e.m.c.i.embedder.EclipseLogger - Using 'UTF-8' encoding to copy filtered resources.
2023-03-05 16:24:39,250 [Worker-99: Building] INFO  o.e.m.c.i.embedder.EclipseLogger - skip non existing resourceDirectory C:\Users\mahab\eclipse-workspace1\Cucumber\src\main\resources
2023-03-05 16:24:39,251 [Worker-99: Building] INFO  o.e.m.c.i.embedder.EclipseLogger - Using 'UTF-8' encoding to copy filtered resources.
2023-03-05 16:24:39,251 [Worker-99: Building] INFO  o.e.m.c.i.embedder.EclipseLogger - skip non existing resourceDirectory C:\Users\mahab\eclipse-workspace1\Cucumber\src\test\resources
2023-03-05 16:24:46,780 [Worker-95: Building] INFO  o.e.m.c.i.embedder.EclipseLogger - Using 'UTF-8' encoding to copy filtered resources.
2023-03-05 16:24:46,780 [Worker-95: Building] INFO  o.e.m.c.i.embedder.EclipseLogger - skip non existing resourceDirectory C:\Users\mahab\eclipse-workspace1\Cucumber\src\main\resources
2023-03-05 16:24:46,781 [Worker-95: Building] INFO  o.e.m.c.i.embedder.EclipseLogger - Using 'UTF-8' encoding to copy filtered resources.
2023-03-05 16:24:46,781 [Worker-95: Building] INFO  o.e.m.c.i.embedder.EclipseLogger - skip non existing resourceDirectory C:\Users\mahab\eclipse-workspace1\Cucumber\src\test\resources
2023-03-05 16:24:47,825 [Worker-93: Building] INFO  o.e.m.c.i.embedder.EclipseLogger - Using 'UTF-8' encoding to copy filtered resources.
2023-03-05 16:24:47,825 [Worker-93: Building] INFO  o.e.m.c.i.embedder.EclipseLogger - skip non existing resourceDirectory C:\Users\mahab\eclipse-workspace1\Cucumber\src\main\resources
2023-03-05 16:24:47,826 [Worker-93: Building] INFO  o.e.m.c.i.embedder.EclipseLogger - Using 'UTF-8' encoding to copy filtered resources.
2023-03-05 16:24:47,826 [Worker-93: Building] INFO  o.e.m.c.i.embedder.EclipseLogger - skip non existing resourceDirectory C:\Users\mahab\eclipse-workspace1\Cucumber\src\test\resources
2023-03-05 16:24:51,330 [Worker-95: Building] INFO  o.e.m.c.i.embedder.EclipseLogger - Using 'UTF-8' encoding to copy filtered resources.
2023-03-05 16:24:51,330 [Worker-95: Building] INFO  o.e.m.c.i.embedder.EclipseLogger - skip non existing resourceDirectory C:\Users\mahab\eclipse-workspace1\Cucumber\src\main\resources
2023-03-05 16:24:51,332 [Worker-95: Building] INFO  o.e.m.c.i.embedder.EclipseLogger - Using 'UTF-8' encoding to copy filtered resources.
2023-03-05 16:24:51,332 [Worker-95: Building] INFO  o.e.m.c.i.embedder.EclipseLogger - skip non existing resourceDirectory C:\Users\mahab\eclipse-workspace1\Cucumber\src\test\resources
2023-03-05 16:24:57,508 [Worker-99: Building] INFO  o.e.m.c.i.embedder.EclipseLogger - Using 'UTF-8' encoding to copy filtered resources.
2023-03-05 16:24:57,509 [Worker-99: Building] INFO  o.e.m.c.i.embedder.EclipseLogger - skip non existing resourceDirectory C:\Users\mahab\eclipse-workspace1\Cucumber\src\main\resources
2023-03-05 16:24:57,510 [Worker-99: Building] INFO  o.e.m.c.i.embedder.EclipseLogger - Using 'UTF-8' encoding to copy filtered resources.
2023-03-05 16:24:57,510 [Worker-99: Building] INFO  o.e.m.c.i.embedder.EclipseLogger - skip non existing resourceDirectory C:\Users\mahab\eclipse-workspace1\Cucumber\src\test\resources
2023-03-05 16:25:19,730 [Worker-99: Building] INFO  o.e.m.c.i.embedder.EclipseLogger - Using 'UTF-8' encoding to copy filtered resources.
2023-03-05 16:25:19,730 [Worker-99: Building] INFO  o.e.m.c.i.embedder.EclipseLogger - skip non existing resourceDirectory C:\Users\mahab\eclipse-workspace1\Cucumber\src\main\resources
2023-03-05 16:25:19,732 [Worker-99: Building] INFO  o.e.m.c.i.embedder.EclipseLogger - Using 'UTF-8' encoding to copy filtered resources.
2023-03-05 16:25:19,733 [Worker-99: Building] INFO  o.e.m.c.i.embedder.EclipseLogger - skip non existing resourceDirectory C:\Users\mahab\eclipse-workspace1\Cucumber\src\test\resources
2023-03-05 16:31:38,444 [Worker-101: Building] INFO  o.e.m.c.i.embedder.EclipseLogger - Using 'UTF-8' encoding to copy filtered resources.
2023-03-05 16:31:38,445 [Worker-101: Building] INFO  o.e.m.c.i.embedder.EclipseLogger - skip non existing resourceDirectory C:\Users\mahab\eclipse-workspace1\Cucumber\src\main\resources
2023-03-05 16:31:38,447 [Worker-101: Building] INFO  o.e.m.c.i.embedder.EclipseLogger - Using 'UTF-8' encoding to copy filtered resources.
2023-03-05 16:31:38,447 [Worker-101: Building] INFO  o.e.m.c.i.embedder.EclipseLogger - skip non existing resourceDirectory C:\Users\mahab\eclipse-workspace1\Cucumber\src\test\resources
2023-03-05 16:32:43,150 [Worker-101: Building] INFO  o.e.m.c.i.embedder.EclipseLogger - Using 'UTF-8' encoding to copy filtered resources.
2023-03-05 16:32:43,151 [Worker-101: Building] INFO  o.e.m.c.i.embedder.EclipseLogger - skip non existing resourceDirectory C:\Users\mahab\eclipse-workspace1\Cucumber\src\main\resources
2023-03-05 16:32:43,152 [Worker-101: Building] INFO  o.e.m.c.i.embedder.EclipseLogger - Using 'UTF-8' encoding to copy filtered resources.
2023-03-05 16:32:43,152 [Worker-101: Building] INFO  o.e.m.c.i.embedder.EclipseLogger - skip non existing resourceDirectory C:\Users\mahab\eclipse-workspace1\Cucumber\src\test\resources
2023-03-05 16:33:57,275 [Worker-90: Building] INFO  o.e.m.c.i.embedder.EclipseLogger - Using 'UTF-8' encoding to copy filtered resources.
2023-03-05 16:33:57,276 [Worker-90: Building] INFO  o.e.m.c.i.embedder.EclipseLogger - skip non existing resourceDirectory C:\Users\mahab\eclipse-workspace1\Cucumber\src\main\resources
2023-03-05 16:33:57,279 [Worker-90: Building] INFO  o.e.m.c.i.embedder.EclipseLogger - Using 'UTF-8' encoding to copy filtered resources.
2023-03-05 16:33:57,279 [Worker-90: Building] INFO  o.e.m.c.i.embedder.EclipseLogger - skip non existing resourceDirectory C:\Users\mahab\eclipse-workspace1\Cucumber\src\test\resources
2023-03-05 16:34:09,592 [Worker-101: Building] INFO  o.e.m.c.i.embedder.EclipseLogger - Using 'UTF-8' encoding to copy filtered resources.
2023-03-05 16:34:09,592 [Worker-101: Building] INFO  o.e.m.c.i.embedder.EclipseLogger - skip non existing resourceDirectory C:\Users\mahab\eclipse-workspace1\Cucumber\src\main\resources
2023-03-05 16:34:09,593 [Worker-101: Building] INFO  o.e.m.c.i.embedder.EclipseLogger - Using 'UTF-8' encoding to copy filtered resources.
2023-03-05 16:34:09,593 [Worker-101: Building] INFO  o.e.m.c.i.embedder.EclipseLogger - skip non existing resourceDirectory C:\Users\mahab\eclipse-workspace1\Cucumber\src\test\resources
2023-03-05 16:34:57,982 [Worker-100: Building] INFO  o.e.m.c.i.embedder.EclipseLogger - Using 'UTF-8' encoding to copy filtered resources.
2023-03-05 16:34:57,982 [Worker-100: Building] INFO  o.e.m.c.i.embedder.EclipseLogger - skip non existing resourceDirectory C:\Users\mahab\eclipse-workspace1\Cucumber\src\main\resources
2023-03-05 16:34:57,984 [Worker-100: Building] INFO  o.e.m.c.i.embedder.EclipseLogger - Using 'UTF-8' encoding to copy filtered resources.
2023-03-05 16:34:57,984 [Worker-100: Building] INFO  o.e.m.c.i.embedder.EclipseLogger - skip non existing resourceDirectory C:\Users\mahab\eclipse-workspace1\Cucumber\src\test\resources
2023-03-05 16:35:32,573 [Worker-103: Building] INFO  o.e.m.c.i.embedder.EclipseLogger - Using 'UTF-8' encoding to copy filtered resources.
2023-03-05 16:35:32,573 [Worker-103: Building] INFO  o.e.m.c.i.embedder.EclipseLogger - skip non existing resourceDirectory C:\Users\mahab\eclipse-workspace1\Cucumber\src\main\resources
2023-03-05 16:35:32,574 [Worker-103: Building] INFO  o.e.m.c.i.embedder.EclipseLogger - Using 'UTF-8' encoding to copy filtered resources.
2023-03-05 16:35:32,574 [Worker-103: Building] INFO  o.e.m.c.i.embedder.EclipseLogger - skip non existing resourceDirectory C:\Users\mahab\eclipse-workspace1\Cucumber\src\test\resources
2023-03-05 16:35:52,664 [Worker-103: Building] INFO  o.e.m.c.i.embedder.EclipseLogger - Using 'UTF-8' encoding to copy filtered resources.
2023-03-05 16:35:52,664 [Worker-103: Building] INFO  o.e.m.c.i.embedder.EclipseLogger - skip non existing resourceDirectory C:\Users\mahab\eclipse-workspace1\Cucumber\src\main\resources
2023-03-05 16:35:52,665 [Worker-103: Building] INFO  o.e.m.c.i.embedder.EclipseLogger - Using 'UTF-8' encoding to copy filtered resources.
2023-03-05 16:35:52,665 [Worker-103: Building] INFO  o.e.m.c.i.embedder.EclipseLogger - skip non existing resourceDirectory C:\Users\mahab\eclipse-workspace1\Cucumber\src\test\resources
2023-03-05 16:36:23,575 [Worker-103: Building] INFO  o.e.m.c.i.embedder.EclipseLogger - Using 'UTF-8' encoding to copy filtered resources.
2023-03-05 16:36:23,575 [Worker-103: Building] INFO  o.e.m.c.i.embedder.EclipseLogger - skip non existing resourceDirectory C:\Users\mahab\eclipse-workspace1\Cucumber\src\main\resources
2023-03-05 16:36:23,576 [Worker-103: Building] INFO  o.e.m.c.i.embedder.EclipseLogger - Using 'UTF-8' encoding to copy filtered resources.
2023-03-05 16:36:23,577 [Worker-103: Building] INFO  o.e.m.c.i.embedder.EclipseLogger - skip non existing resourceDirectory C:\Users\mahab\eclipse-workspace1\Cucumber\src\test\resources
2023-03-05 16:36:31,415 [Worker-103: Building] INFO  o.e.m.c.i.embedder.EclipseLogger - Using 'UTF-8' encoding to copy filtered resources.
2023-03-05 16:36:31,415 [Worker-103: Building] INFO  o.e.m.c.i.embedder.EclipseLogger - skip non existing resourceDirectory C:\Users\mahab\eclipse-workspace1\Cucumber\src\main\resources
2023-03-05 16:36:31,416 [Worker-103: Building] INFO  o.e.m.c.i.embedder.EclipseLogger - Using 'UTF-8' encoding to copy filtered resources.
2023-03-05 16:36:31,417 [Worker-103: Building] INFO  o.e.m.c.i.embedder.EclipseLogger - skip non existing resourceDirectory C:\Users\mahab\eclipse-workspace1\Cucumber\src\test\resources
2023-03-05 16:37:34,181 [Worker-90: Building] INFO  o.e.m.c.i.embedder.EclipseLogger - Using 'UTF-8' encoding to copy filtered resources.
2023-03-05 16:37:34,181 [Worker-90: Building] INFO  o.e.m.c.i.embedder.EclipseLogger - skip non existing resourceDirectory C:\Users\mahab\eclipse-workspace1\Cucumber\src\main\resources
2023-03-05 16:37:34,181 [Worker-90: Building] INFO  o.e.m.c.i.embedder.EclipseLogger - Using 'UTF-8' encoding to copy filtered resources.
2023-03-05 16:37:34,182 [Worker-90: Building] INFO  o.e.m.c.i.embedder.EclipseLogger - skip non existing resourceDirectory C:\Users\mahab\eclipse-workspace1\Cucumber\src\test\resources
2023-03-05 16:37:41,666 [Worker-100: Building] INFO  o.e.m.c.i.embedder.EclipseLogger - Using 'UTF-8' encoding to copy filtered resources.
2023-03-05 16:37:41,666 [Worker-100: Building] INFO  o.e.m.c.i.embedder.EclipseLogger - skip non existing resourceDirectory C:\Users\mahab\eclipse-workspace1\Cucumber\src\main\resources
2023-03-05 16:37:41,667 [Worker-100: Building] INFO  o.e.m.c.i.embedder.EclipseLogger - Using 'UTF-8' encoding to copy filtered resources.
2023-03-05 16:37:41,667 [Worker-100: Building] INFO  o.e.m.c.i.embedder.EclipseLogger - skip non existing resourceDirectory C:\Users\mahab\eclipse-workspace1\Cucumber\src\test\resources
2023-03-05 16:37:58,389 [Worker-101: Building] INFO  o.e.m.c.i.embedder.EclipseLogger - Using 'UTF-8' encoding to copy filtered resources.
2023-03-05 16:37:58,389 [Worker-101: Building] INFO  o.e.m.c.i.embedder.EclipseLogger - skip non existing resourceDirectory C:\Users\mahab\eclipse-workspace1\Cucumber\src\main\resources
2023-03-05 16:37:58,390 [Worker-101: Building] INFO  o.e.m.c.i.embedder.EclipseLogger - Using 'UTF-8' encoding to copy filtered resources.
2023-03-05 16:37:58,390 [Worker-101: Building] INFO  o.e.m.c.i.embedder.EclipseLogger - skip non existing resourceDirectory C:\Users\mahab\eclipse-workspace1\Cucumber\src\test\resources
2023-03-05 16:38:17,879 [Worker-103: Building] INFO  o.e.m.c.i.embedder.EclipseLogger - Using 'UTF-8' encoding to copy filtered resources.
2023-03-05 16:38:17,879 [Worker-103: Building] INFO  o.e.m.c.i.embedder.EclipseLogger - skip non existing resourceDirectory C:\Users\mahab\eclipse-workspace1\Cucumber\src\main\resources
2023-03-05 16:38:17,880 [Worker-103: Building] INFO  o.e.m.c.i.embedder.EclipseLogger - Using 'UTF-8' encoding to copy filtered resources.
2023-03-05 16:38:17,881 [Worker-103: Building] INFO  o.e.m.c.i.embedder.EclipseLogger - skip non existing resourceDirectory C:\Users\mahab\eclipse-workspace1\Cucumber\src\test\resources
2023-03-05 16:38:36,660 [Worker-101: Building] INFO  o.e.m.c.i.embedder.EclipseLogger - Using 'UTF-8' encoding to copy filtered resources.
2023-03-05 16:38:36,661 [Worker-101: Building] INFO  o.e.m.c.i.embedder.EclipseLogger - skip non existing resourceDirectory C:\Users\mahab\eclipse-workspace1\Cucumber\src\main\resources
2023-03-05 16:38:36,662 [Worker-101: Building] INFO  o.e.m.c.i.embedder.EclipseLogger - Using 'UTF-8' encoding to copy filtered resources.
2023-03-05 16:38:36,662 [Worker-101: Building] INFO  o.e.m.c.i.embedder.EclipseLogger - skip non existing resourceDirectory C:\Users\mahab\eclipse-workspace1\Cucumber\src\test\resources
2023-03-05 16:38:46,525 [Worker-103: Building] INFO  o.e.m.c.i.embedder.EclipseLogger - Using 'UTF-8' encoding to copy filtered resources.
2023-03-05 16:38:46,525 [Worker-103: Building] INFO  o.e.m.c.i.embedder.EclipseLogger - skip non existing resourceDirectory C:\Users\mahab\eclipse-workspace1\Cucumber\src\main\resources
2023-03-05 16:38:46,526 [Worker-103: Building] INFO  o.e.m.c.i.embedder.EclipseLogger - Using 'UTF-8' encoding to copy filtered resources.
2023-03-05 16:38:46,526 [Worker-103: Building] INFO  o.e.m.c.i.embedder.EclipseLogger - skip non existing resourceDirectory C:\Users\mahab\eclipse-workspace1\Cucumber\src\test\resources
2023-03-05 16:39:34,330 [Worker-103: Building] INFO  o.e.m.c.i.embedder.EclipseLogger - Using 'UTF-8' encoding to copy filtered resources.
2023-03-05 16:39:34,331 [Worker-103: Building] INFO  o.e.m.c.i.embedder.EclipseLogger - skip non existing resourceDirectory C:\Users\mahab\eclipse-workspace1\Cucumber\src\main\resources
2023-03-05 16:39:34,332 [Worker-103: Building] INFO  o.e.m.c.i.embedder.EclipseLogger - Using 'UTF-8' encoding to copy filtered resources.
2023-03-05 16:39:34,332 [Worker-103: Building] INFO  o.e.m.c.i.embedder.EclipseLogger - skip non existing resourceDirectory C:\Users\mahab\eclipse-workspace1\Cucumber\src\test\resources
2023-03-05 16:39:51,067 [Worker-101: Building] INFO  o.e.m.c.i.embedder.EclipseLogger - Using 'UTF-8' encoding to copy filtered resources.
2023-03-05 16:39:51,068 [Worker-101: Building] INFO  o.e.m.c.i.embedder.EclipseLogger - skip non existing resourceDirectory C:\Users\mahab\eclipse-workspace1\Cucumber\src\main\resources
2023-03-05 16:39:51,069 [Worker-101: Building] INFO  o.e.m.c.i.embedder.EclipseLogger - Using 'UTF-8' encoding to copy filtered resources.
2023-03-05 16:39:51,069 [Worker-101: Building] INFO  o.e.m.c.i.embedder.EclipseLogger - skip non existing resourceDirectory C:\Users\mahab\eclipse-workspace1\Cucumber\src\test\resources
2023-03-05 16:40:18,523 [Worker-101: Building] INFO  o.e.m.c.i.embedder.EclipseLogger - Using 'UTF-8' encoding to copy filtered resources.
2023-03-05 16:40:18,523 [Worker-101: Building] INFO  o.e.m.c.i.embedder.EclipseLogger - skip non existing resourceDirectory C:\Users\mahab\eclipse-workspace1\Cucumber\src\main\resources
2023-03-05 16:40:18,524 [Worker-101: Building] INFO  o.e.m.c.i.embedder.EclipseLogger - Using 'UTF-8' encoding to copy filtered resources.
2023-03-05 16:40:18,524 [Worker-101: Building] INFO  o.e.m.c.i.embedder.EclipseLogger - skip non existing resourceDirectory C:\Users\mahab\eclipse-workspace1\Cucumber\src\test\resources
2023-03-05 16:40:25,537 [Worker-100: Building] INFO  o.e.m.c.i.embedder.EclipseLogger - Using 'UTF-8' encoding to copy filtered resources.
2023-03-05 16:40:25,537 [Worker-100: Building] INFO  o.e.m.c.i.embedder.EclipseLogger - skip non existing resourceDirectory C:\Users\mahab\eclipse-workspace1\Cucumber\src\main\resources
2023-03-05 16:40:25,538 [Worker-100: Building] INFO  o.e.m.c.i.embedder.EclipseLogger - Using 'UTF-8' encoding to copy filtered resources.
2023-03-05 16:40:25,538 [Worker-100: Building] INFO  o.e.m.c.i.embedder.EclipseLogger - skip non existing resourceDirectory C:\Users\mahab\eclipse-workspace1\Cucumber\src\test\resources
2023-03-05 16:40:30,513 [Worker-102: Building] INFO  o.e.m.c.i.embedder.EclipseLogger - Using 'UTF-8' encoding to copy filtered resources.
2023-03-05 16:40:30,513 [Worker-102: Building] INFO  o.e.m.c.i.embedder.EclipseLogger - skip non existing resourceDirectory C:\Users\mahab\eclipse-workspace1\Cucumber\src\main\resources
2023-03-05 16:40:30,513 [Worker-102: Building] INFO  o.e.m.c.i.embedder.EclipseLogger - Using 'UTF-8' encoding to copy filtered resources.
2023-03-05 16:40:30,513 [Worker-102: Building] INFO  o.e.m.c.i.embedder.EclipseLogger - skip non existing resourceDirectory C:\Users\mahab\eclipse-workspace1\Cucumber\src\test\resources
2023-03-05 16:40:50,858 [Worker-101: Building] INFO  o.e.m.c.i.embedder.EclipseLogger - Using 'UTF-8' encoding to copy filtered resources.
2023-03-05 16:40:50,859 [Worker-101: Building] INFO  o.e.m.c.i.embedder.EclipseLogger - skip non existing resourceDirectory C:\Users\mahab\eclipse-workspace1\Cucumber\src\main\resources
2023-03-05 16:40:50,859 [Worker-101: Building] INFO  o.e.m.c.i.embedder.EclipseLogger - Using 'UTF-8' encoding to copy filtered resources.
2023-03-05 16:40:50,860 [Worker-101: Building] INFO  o.e.m.c.i.embedder.EclipseLogger - skip non existing resourceDirectory C:\Users\mahab\eclipse-workspace1\Cucumber\src\test\resources
2023-03-05 16:41:07,869 [Worker-102: Building] INFO  o.e.m.c.i.embedder.EclipseLogger - Using 'UTF-8' encoding to copy filtered resources.
2023-03-05 16:41:07,870 [Worker-102: Building] INFO  o.e.m.c.i.embedder.EclipseLogger - skip non existing resourceDirectory C:\Users\mahab\eclipse-workspace1\Cucumber\src\main\resources
2023-03-05 16:41:07,871 [Worker-102: Building] INFO  o.e.m.c.i.embedder.EclipseLogger - Using 'UTF-8' encoding to copy filtered resources.
2023-03-05 16:41:07,871 [Worker-102: Building] INFO  o.e.m.c.i.embedder.EclipseLogger - skip non existing resourceDirectory C:\Users\mahab\eclipse-workspace1\Cucumber\src\test\resources
2023-03-05 16:41:23,320 [Worker-100: Building] INFO  o.e.m.c.i.embedder.EclipseLogger - Using 'UTF-8' encoding to copy filtered resources.
2023-03-05 16:41:23,321 [Worker-100: Building] INFO  o.e.m.c.i.embedder.EclipseLogger - skip non existing resourceDirectory C:\Users\mahab\eclipse-workspace1\Cucumber\src\main\resources
2023-03-05 16:41:23,322 [Worker-100: Building] INFO  o.e.m.c.i.embedder.EclipseLogger - Using 'UTF-8' encoding to copy filtered resources.
2023-03-05 16:41:23,322 [Worker-100: Building] INFO  o.e.m.c.i.embedder.EclipseLogger - skip non existing resourceDirectory C:\Users\mahab\eclipse-workspace1\Cucumber\src\test\resources
2023-03-05 16:41:39,769 [Worker-104: Building] INFO  o.e.m.c.i.embedder.EclipseLogger - Using 'UTF-8' encoding to copy filtered resources.
2023-03-05 16:41:39,770 [Worker-104: Building] INFO  o.e.m.c.i.embedder.EclipseLogger - skip non existing resourceDirectory C:\Users\mahab\eclipse-workspace1\Cucumber\src\main\resources
2023-03-05 16:41:39,771 [Worker-104: Building] INFO  o.e.m.c.i.embedder.EclipseLogger - Using 'UTF-8' encoding to copy filtered resources.
2023-03-05 16:41:39,771 [Worker-104: Building] INFO  o.e.m.c.i.embedder.EclipseLogger - skip non existing resourceDirectory C:\Users\mahab\eclipse-workspace1\Cucumber\src\test\resources
2023-03-05 16:41:48,374 [Worker-103: Building] INFO  o.e.m.c.i.embedder.EclipseLogger - Using 'UTF-8' encoding to copy filtered resources.
2023-03-05 16:41:48,374 [Worker-103: Building] INFO  o.e.m.c.i.embedder.EclipseLogger - skip non existing resourceDirectory C:\Users\mahab\eclipse-workspace1\Cucumber\src\main\resources
2023-03-05 16:41:48,376 [Worker-103: Building] INFO  o.e.m.c.i.embedder.EclipseLogger - Using 'UTF-8' encoding to copy filtered resources.
2023-03-05 16:41:48,376 [Worker-103: Building] INFO  o.e.m.c.i.embedder.EclipseLogger - skip non existing resourceDirectory C:\Users\mahab\eclipse-workspace1\Cucumber\src\test\resources
2023-03-05 23:07:19,823 [Worker-8: Loading available Gradle versions] INFO  o.e.b.c.i.u.g.PublishedGradleVersions - Gradle version information cache is up-to-date. Trying to read.
2023-03-06 01:12:44,679 [Worker-8: Loading available Gradle versions] INFO  o.e.b.c.i.u.g.PublishedGradleVersions - Gradle version information cache is up-to-date. Trying to read.
